This file contains any messages produced by compilers while
running configure, to aid debugging if configure makes a mistake.

It was created by Google C++ Testing Framework configure 1.5.0, which was
generated by GNU Autoconf 2.69.  Invocation command line was

  $ ./configure --disable-option-checking --prefix=/usr/local --cache-file=/dev/null --srcdir=.

## --------- ##
## Platform. ##
## --------- ##

hostname = Shens-MacBook-Pro.local
uname -m = x86_64
uname -r = 18.0.0
uname -s = Darwin
uname -v = Darwin Kernel Version 18.0.0: Wed Aug 22 20:13:40 PDT 2018; root:xnu-4903.201.2~1/RELEASE_X86_64

/usr/bin/uname -p = i386
/bin/uname -X     = unknown

/bin/arch              = unknown
/usr/bin/arch -k       = unknown
/usr/convex/getsysinfo = unknown
/usr/bin/hostinfo      = Mach kernel version:
	 Darwin Kernel Version 18.0.0: Wed Aug 22 20:13:40 PDT 2018; root:xnu-4903.201.2~1/RELEASE_X86_64
Kernel configured for up to 12 processors.
6 processors are physically available.
12 processors are logically available.
Processor type: x86_64h (Intel x86-64h Haswell)
Processors active: 0 1 2 3 4 5 6 7 8 9 10 11
Primary memory available: 16.00 gigabytes
Default processor set: 361 tasks, 1394 threads, 12 processors
Load average: 2.54, Mach factor: 9.45
/bin/machine           = unknown
/usr/bin/oslevel       = unknown
/bin/universe          = unknown

PATH: /usr/local/bin
PATH: /usr/bin
PATH: /bin
PATH: /usr/sbin
PATH: /sbin


## ----------- ##
## Core tests. ##
## ----------- ##

configure:2327: checking for a BSD-compatible install
configure:2395: result: /usr/bin/install -c
configure:2406: checking whether build environment is sane
configure:2461: result: yes
configure:2612: checking for a thread-safe mkdir -p
configure:2651: result: build-aux/install-sh -c -d
configure:2658: checking for gawk
configure:2688: result: no
configure:2658: checking for mawk
configure:2688: result: no
configure:2658: checking for nawk
configure:2688: result: no
configure:2658: checking for awk
configure:2674: found /usr/bin/awk
configure:2685: result: awk
configure:2696: checking whether make sets $(MAKE)
configure:2718: result: yes
configure:2747: checking whether make supports nested variables
configure:2764: result: yes
configure:2940: checking for gcc
configure:2956: found /usr/bin/gcc
configure:2967: result: gcc
configure:3196: checking for C compiler version
configure:3205: gcc --version >&5
Apple LLVM version 9.0.0 (clang-900.0.39.2)
Target: x86_64-apple-darwin18.0.0
Thread model: posix
InstalledDir: /Applications/Xcode.app/Contents/Developer/Toolchains/XcodeDefault.xctoolchain/usr/bin
Configured with: --prefix=/Applications/Xcode.app/Contents/Developer/usr --with-gxx-include-dir=/Applications/Xcode.app/Contents/Developer/Platforms/MacOSX.platform/Developer/SDKs/MacOSX10.13.sdk/usr/include/c++/4.2.1
configure:3216: $? = 0
configure:3205: gcc -v >&5
Configured with: --prefix=/Applications/Xcode.app/Contents/Developer/usr --with-gxx-include-dir=/Applications/Xcode.app/Contents/Developer/Platforms/MacOSX.platform/Developer/SDKs/MacOSX10.13.sdk/usr/include/c++/4.2.1
Apple LLVM version 9.0.0 (clang-900.0.39.2)
Target: x86_64-apple-darwin18.0.0
Thread model: posix
InstalledDir: /Applications/Xcode.app/Contents/Developer/Toolchains/XcodeDefault.xctoolchain/usr/bin
configure:3216: $? = 0
configure:3205: gcc -V >&5
clang: error: argument to '-V' is missing (expected 1 value)
clang: error: no input files
configure:3216: $? = 1
configure:3205: gcc -qversion >&5
clang: error: unknown argument: '-qversion'
clang: error: no input files
configure:3216: $? = 1
configure:3236: checking whether the C compiler works
configure:3258: gcc    conftest.c  >&5
configure:3262: $? = 0
configure:3310: result: yes
configure:3313: checking for C compiler default output file name
configure:3315: result: a.out
configure:3321: checking for suffix of executables
configure:3328: gcc -o conftest    conftest.c  >&5
configure:3332: $? = 0
configure:3354: result: 
configure:3376: checking whether we are cross compiling
configure:3384: gcc -o conftest    conftest.c  >&5
configure:3388: $? = 0
configure:3395: ./conftest
configure:3399: $? = 0
configure:3414: result: no
configure:3419: checking for suffix of object files
configure:3441: gcc -c   conftest.c >&5
configure:3445: $? = 0
configure:3466: result: o
configure:3470: checking whether we are using the GNU C compiler
configure:3489: gcc -c   conftest.c >&5
configure:3489: $? = 0
configure:3498: result: yes
configure:3507: checking whether gcc accepts -g
configure:3527: gcc -c -g  conftest.c >&5
configure:3527: $? = 0
configure:3568: result: yes
configure:3585: checking for gcc option to accept ISO C89
configure:3648: gcc  -c   conftest.c >&5
configure:3648: $? = 0
configure:3661: result: none needed
configure:3686: checking whether gcc understands -c and -o together
configure:3708: gcc -c conftest.c -o conftest2.o
configure:3711: $? = 0
configure:3708: gcc -c conftest.c -o conftest2.o
configure:3711: $? = 0
configure:3723: result: yes
configure:3743: checking whether make supports the include directive
configure:3758: make -f confmf.GNU && cat confinc.out
this is the am__doit target
configure:3761: $? = 0
configure:3780: result: yes (GNU style)
configure:3805: checking dependency style of gcc
configure:3916: result: gcc3
configure:3989: checking for g++
configure:4005: found /usr/bin/g++
configure:4016: result: g++
configure:4043: checking for C++ compiler version
configure:4052: g++ --version >&5
Apple LLVM version 9.0.0 (clang-900.0.39.2)
Target: x86_64-apple-darwin18.0.0
Thread model: posix
InstalledDir: /Applications/Xcode.app/Contents/Developer/Toolchains/XcodeDefault.xctoolchain/usr/bin
Configured with: --prefix=/Applications/Xcode.app/Contents/Developer/usr --with-gxx-include-dir=/Applications/Xcode.app/Contents/Developer/Platforms/MacOSX.platform/Developer/SDKs/MacOSX10.13.sdk/usr/include/c++/4.2.1
configure:4063: $? = 0
configure:4052: g++ -v >&5
Configured with: --prefix=/Applications/Xcode.app/Contents/Developer/usr --with-gxx-include-dir=/Applications/Xcode.app/Contents/Developer/Platforms/MacOSX.platform/Developer/SDKs/MacOSX10.13.sdk/usr/include/c++/4.2.1
Apple LLVM version 9.0.0 (clang-900.0.39.2)
Target: x86_64-apple-darwin18.0.0
Thread model: posix
InstalledDir: /Applications/Xcode.app/Contents/Developer/Toolchains/XcodeDefault.xctoolchain/usr/bin
configure:4063: $? = 0
configure:4052: g++ -V >&5
clang: error: argument to '-V' is missing (expected 1 value)
clang: error: no input files
configure:4063: $? = 1
configure:4052: g++ -qversion >&5
clang: error: unknown argument: '-qversion'
clang: error: no input files
configure:4063: $? = 1
configure:4067: checking whether we are using the GNU C++ compiler
configure:4086: g++ -c  -g -DNDEBUG  conftest.cpp >&5
configure:4086: $? = 0
configure:4095: result: yes
configure:4104: checking whether g++ accepts -g
configure:4124: g++ -c -g  conftest.cpp >&5
configure:4124: $? = 0
configure:4165: result: yes
configure:4190: checking dependency style of g++
configure:4301: result: gcc3
configure:4351: checking build system type
configure:4365: result: x86_64-apple-darwin18.0.0
configure:4385: checking host system type
configure:4398: result: x86_64-apple-darwin18.0.0
configure:4439: checking how to print strings
configure:4466: result: printf
configure:4487: checking for a sed that does not truncate output
configure:4551: result: /usr/bin/sed
configure:4569: checking for grep that handles long lines and -e
configure:4627: result: /usr/bin/grep
configure:4632: checking for egrep
configure:4694: result: /usr/bin/grep -E
configure:4699: checking for fgrep
configure:4761: result: /usr/bin/grep -F
configure:4796: checking for ld used by gcc
configure:4863: result: /Applications/Xcode.app/Contents/Developer/Toolchains/XcodeDefault.xctoolchain/usr/bin/ld
configure:4870: checking if the linker (/Applications/Xcode.app/Contents/Developer/Toolchains/XcodeDefault.xctoolchain/usr/bin/ld) is GNU ld
configure:4885: result: no
configure:4897: checking for BSD- or MS-compatible name lister (nm)
configure:4951: result: /usr/bin/nm -B
configure:5081: checking the name lister (/usr/bin/nm -B) interface
configure:5088: g++ -c  -g -DNDEBUG  conftest.cpp >&5
configure:5091: /usr/bin/nm -B "conftest.o"
configure:5094: output
00000000000001d8 S _some_variable
configure:5101: result: BSD nm
configure:5104: checking whether ln -s works
configure:5108: result: yes
configure:5116: checking the maximum length of command line arguments
configure:5247: result: 196608
configure:5295: checking how to convert x86_64-apple-darwin18.0.0 file names to x86_64-apple-darwin18.0.0 format
configure:5335: result: func_convert_file_noop
configure:5342: checking how to convert x86_64-apple-darwin18.0.0 file names to toolchain format
configure:5362: result: func_convert_file_noop
configure:5369: checking for /Applications/Xcode.app/Contents/Developer/Toolchains/XcodeDefault.xctoolchain/usr/bin/ld option to reload object files
configure:5376: result: -r
configure:5450: checking for objdump
configure:5466: found /usr/bin/objdump
configure:5477: result: objdump
configure:5509: checking how to recognize dependent libraries
configure:5709: result: pass_all
configure:5794: checking for dlltool
configure:5824: result: no
configure:5854: checking how to associate runtime and link libraries
configure:5881: result: printf %s\n
configure:5942: checking for ar
configure:5958: found /usr/bin/ar
configure:5969: result: ar
configure:6006: checking for archiver @FILE support
configure:6023: g++ -c  -g -DNDEBUG  conftest.cpp >&5
configure:6023: $? = 0
configure:6026: ar cru libconftest.a @conftest.lst >&5
ar: @conftest.lst: No such file or directory
configure:6029: $? = 1
configure:6049: result: no
configure:6107: checking for strip
configure:6123: found /usr/bin/strip
configure:6134: result: strip
configure:6206: checking for ranlib
configure:6222: found /usr/bin/ranlib
configure:6233: result: ranlib
configure:6335: checking command to parse /usr/bin/nm -B output from gcc object
configure:6488: g++ -c  -g -DNDEBUG  conftest.cpp >&5
configure:6491: $? = 0
configure:6495: /usr/bin/nm -B conftest.o \| sed -n -e 's/^.*[ ]\([BCDEGRST][BCDEGRST]*\)[ ][ ]*\([_A-Za-z][_A-Za-z0-9]*\)$/\1 \2 \2/p' | sed '/ __gnu_lto/d' \> conftest.nm
configure:6498: $? = 0
cannot find nm_test_var in conftest.nm
configure:6488: g++ -c  -g -DNDEBUG  conftest.cpp >&5
configure:6491: $? = 0
configure:6495: /usr/bin/nm -B conftest.o \| sed -n -e 's/^.*[ ]\([BCDEGRST][BCDEGRST]*\)[ ][ ]*_\([_A-Za-z][_A-Za-z0-9]*\)$/\1 _\2 \2/p' | sed '/ __gnu_lto/d' \> conftest.nm
configure:6498: $? = 0
configure:6564: g++ -o conftest  -g -DNDEBUG   conftest.cpp conftstm.o >&5
configure:6567: $? = 0
configure:6605: result: ok
configure:6652: checking for sysroot
configure:6682: result: no
configure:6689: checking for a working dd
configure:6727: result: /bin/dd
configure:6731: checking how to truncate binary pipes
configure:6746: result: /bin/dd bs=4096 count=1
configure:7076: checking for mt
configure:7106: result: no
configure:7126: checking if : is a manifest tool
configure:7132: : '-?'
configure:7140: result: no
configure:7196: checking for dsymutil
configure:7212: found /usr/bin/dsymutil
configure:7223: result: dsymutil
configure:7288: checking for nmedit
configure:7304: found /usr/bin/nmedit
configure:7315: result: nmedit
configure:7380: checking for lipo
configure:7396: found /usr/bin/lipo
configure:7407: result: lipo
configure:7472: checking for otool
configure:7488: found /usr/bin/otool
configure:7499: result: otool
configure:7564: checking for otool64
configure:7594: result: no
configure:7639: checking for -single_module linker flag
gcc   -o libconftest.dylib -dynamiclib -Wl,-single_module conftest.c
configure:7672: result: yes
configure:7675: checking for -exported_symbols_list linker flag
configure:7695: g++ -o conftest  -g -DNDEBUG   -Wl,-exported_symbols_list,conftest.sym conftest.cpp  >&5
configure:7695: $? = 0
configure:7705: result: yes
configure:7708: checking for -force_load linker flag
gcc  -c -o conftest.o conftest.c
ar cru libconftest.a conftest.o
ranlib libconftest.a
gcc   -o conftest conftest.c -Wl,-force_load,./libconftest.a
configure:7740: result: yes
configure:7817: checking how to run the C preprocessor
configure:7848: gcc -E  conftest.c
configure:7848: $? = 0
configure:7862: gcc -E  conftest.c
conftest.c:11:10: fatal error: 'ac_nonexistent.h' file not found
#include <ac_nonexistent.h>
         ^~~~~~~~~~~~~~~~~~
1 error generated.
configure:7862: $? = 1
configure: failed program was:
| /* confdefs.h */
| #define PACKAGE_NAME "Google C++ Testing Framework"
| #define PACKAGE_TARNAME "gtest"
| #define PACKAGE_VERSION "1.5.0"
| #define PACKAGE_STRING "Google C++ Testing Framework 1.5.0"
| #define PACKAGE_BUGREPORT "googletestframework@googlegroups.com"
| #define PACKAGE_URL ""
| #define PACKAGE "gtest"
| #define VERSION "1.5.0"
| /* end confdefs.h.  */
| #include <ac_nonexistent.h>
configure:7887: result: gcc -E
configure:7907: gcc -E  conftest.c
configure:7907: $? = 0
configure:7921: gcc -E  conftest.c
conftest.c:11:10: fatal error: 'ac_nonexistent.h' file not found
#include <ac_nonexistent.h>
         ^~~~~~~~~~~~~~~~~~
1 error generated.
configure:7921: $? = 1
configure: failed program was:
| /* confdefs.h */
| #define PACKAGE_NAME "Google C++ Testing Framework"
| #define PACKAGE_TARNAME "gtest"
| #define PACKAGE_VERSION "1.5.0"
| #define PACKAGE_STRING "Google C++ Testing Framework 1.5.0"
| #define PACKAGE_BUGREPORT "googletestframework@googlegroups.com"
| #define PACKAGE_URL ""
| #define PACKAGE "gtest"
| #define VERSION "1.5.0"
| /* end confdefs.h.  */
| #include <ac_nonexistent.h>
configure:7950: checking for ANSI C header files
configure:7970: gcc -c   conftest.c >&5
configure:7970: $? = 0
configure:8043: gcc -o conftest    conftest.c  >&5
configure:8043: $? = 0
configure:8043: ./conftest
configure:8043: $? = 0
configure:8054: result: yes
configure:8067: checking for sys/types.h
configure:8067: gcc -c   conftest.c >&5
configure:8067: $? = 0
configure:8067: result: yes
configure:8067: checking for sys/stat.h
configure:8067: gcc -c   conftest.c >&5
configure:8067: $? = 0
configure:8067: result: yes
configure:8067: checking for stdlib.h
configure:8067: gcc -c   conftest.c >&5
configure:8067: $? = 0
configure:8067: result: yes
configure:8067: checking for string.h
configure:8067: gcc -c   conftest.c >&5
configure:8067: $? = 0
configure:8067: result: yes
configure:8067: checking for memory.h
configure:8067: gcc -c   conftest.c >&5
configure:8067: $? = 0
configure:8067: result: yes
configure:8067: checking for strings.h
configure:8067: gcc -c   conftest.c >&5
configure:8067: $? = 0
configure:8067: result: yes
configure:8067: checking for inttypes.h
configure:8067: gcc -c   conftest.c >&5
configure:8067: $? = 0
configure:8067: result: yes
configure:8067: checking for stdint.h
configure:8067: gcc -c   conftest.c >&5
configure:8067: $? = 0
configure:8067: result: yes
configure:8067: checking for unistd.h
configure:8067: gcc -c   conftest.c >&5
configure:8067: $? = 0
configure:8067: result: yes
configure:8081: checking for dlfcn.h
configure:8081: gcc -c   conftest.c >&5
configure:8081: $? = 0
configure:8081: result: yes
configure:8347: checking for objdir
configure:8362: result: .libs
configure:8622: checking if gcc supports -fno-rtti -fno-exceptions
configure:8640: gcc -c   -fno-rtti -fno-exceptions conftest.c >&5
configure:8644: $? = 0
configure:8657: result: yes
configure:9015: checking for gcc option to produce PIC
configure:9022: result: -fno-common -DPIC
configure:9030: checking if gcc PIC flag -fno-common -DPIC works
configure:9048: gcc -c   -fno-common -DPIC -DPIC conftest.c >&5
configure:9052: $? = 0
configure:9065: result: yes
configure:9094: checking if gcc static flag -static works
configure:9122: result: no
configure:9137: checking if gcc supports -c -o file.o
configure:9158: gcc -c   -o out/conftest2.o conftest.c >&5
configure:9162: $? = 0
configure:9184: result: yes
configure:9192: checking if gcc supports -c -o file.o
configure:9239: result: yes
configure:9272: checking whether the gcc linker (/Applications/Xcode.app/Contents/Developer/Toolchains/XcodeDefault.xctoolchain/usr/bin/ld) supports shared libraries
configure:10531: result: yes
configure:10771: checking dynamic linker characteristics
configure:11589: result: darwin18.0.0 dyld
configure:11711: checking how to hardcode library paths into programs
configure:11736: result: immediate
configure:12284: checking whether stripping libraries is possible
configure:12298: result: yes
configure:12324: checking if libtool supports shared libraries
configure:12326: result: yes
configure:12329: checking whether to build shared libraries
configure:12354: result: yes
configure:12357: checking whether to build static libraries
configure:12361: result: yes
configure:12384: checking how to run the C++ preprocessor
configure:12411: g++ -E  conftest.cpp
configure:12411: $? = 0
configure:12425: g++ -E  conftest.cpp
conftest.cpp:23:10: fatal error: 'ac_nonexistent.h' file not found
#include <ac_nonexistent.h>
         ^~~~~~~~~~~~~~~~~~
1 error generated.
configure:12425: $? = 1
configure: failed program was:
| /* confdefs.h */
| #define PACKAGE_NAME "Google C++ Testing Framework"
| #define PACKAGE_TARNAME "gtest"
| #define PACKAGE_VERSION "1.5.0"
| #define PACKAGE_STRING "Google C++ Testing Framework 1.5.0"
| #define PACKAGE_BUGREPORT "googletestframework@googlegroups.com"
| #define PACKAGE_URL ""
| #define PACKAGE "gtest"
| #define VERSION "1.5.0"
| #define STDC_HEADERS 1
| #define HAVE_SYS_TYPES_H 1
| #define HAVE_SYS_STAT_H 1
| #define HAVE_STDLIB_H 1
| #define HAVE_STRING_H 1
| #define HAVE_MEMORY_H 1
| #define HAVE_STRINGS_H 1
| #define HAVE_INTTYPES_H 1
| #define HAVE_STDINT_H 1
| #define HAVE_UNISTD_H 1
| #define HAVE_DLFCN_H 1
| #define LT_OBJDIR ".libs/"
| /* end confdefs.h.  */
| #include <ac_nonexistent.h>
configure:12450: result: g++ -E
configure:12470: g++ -E  conftest.cpp
configure:12470: $? = 0
configure:12484: g++ -E  conftest.cpp
conftest.cpp:23:10: fatal error: 'ac_nonexistent.h' file not found
#include <ac_nonexistent.h>
         ^~~~~~~~~~~~~~~~~~
1 error generated.
configure:12484: $? = 1
configure: failed program was:
| /* confdefs.h */
| #define PACKAGE_NAME "Google C++ Testing Framework"
| #define PACKAGE_TARNAME "gtest"
| #define PACKAGE_VERSION "1.5.0"
| #define PACKAGE_STRING "Google C++ Testing Framework 1.5.0"
| #define PACKAGE_BUGREPORT "googletestframework@googlegroups.com"
| #define PACKAGE_URL ""
| #define PACKAGE "gtest"
| #define VERSION "1.5.0"
| #define STDC_HEADERS 1
| #define HAVE_SYS_TYPES_H 1
| #define HAVE_SYS_STAT_H 1
| #define HAVE_STDLIB_H 1
| #define HAVE_STRING_H 1
| #define HAVE_MEMORY_H 1
| #define HAVE_STRINGS_H 1
| #define HAVE_INTTYPES_H 1
| #define HAVE_STDINT_H 1
| #define HAVE_UNISTD_H 1
| #define HAVE_DLFCN_H 1
| #define LT_OBJDIR ".libs/"
| /* end confdefs.h.  */
| #include <ac_nonexistent.h>
configure:12646: checking for ld used by g++
configure:12713: result: /Applications/Xcode.app/Contents/Developer/Toolchains/XcodeDefault.xctoolchain/usr/bin/ld
configure:12720: checking if the linker (/Applications/Xcode.app/Contents/Developer/Toolchains/XcodeDefault.xctoolchain/usr/bin/ld) is GNU ld
configure:12735: result: no
configure:12790: checking whether the g++ linker (/Applications/Xcode.app/Contents/Developer/Toolchains/XcodeDefault.xctoolchain/usr/bin/ld) supports shared libraries
configure:13863: result: yes
configure:13899: g++ -c  -g -DNDEBUG  conftest.cpp >&5
configure:13902: $? = 0
configure:14383: checking for g++ option to produce PIC
configure:14390: result: -fno-common -DPIC
configure:14398: checking if g++ PIC flag -fno-common -DPIC works
configure:14416: g++ -c  -g -DNDEBUG  -fno-common -DPIC -DPIC conftest.cpp >&5
configure:14420: $? = 0
configure:14433: result: yes
configure:14456: checking if g++ static flag -static works
configure:14484: result: no
configure:14496: checking if g++ supports -c -o file.o
configure:14517: g++ -c  -g -DNDEBUG  -o out/conftest2.o conftest.cpp >&5
configure:14521: $? = 0
configure:14543: result: yes
configure:14548: checking if g++ supports -c -o file.o
configure:14595: result: yes
configure:14625: checking whether the g++ linker (/Applications/Xcode.app/Contents/Developer/Toolchains/XcodeDefault.xctoolchain/usr/bin/ld) supports shared libraries
configure:14665: result: yes
configure:14806: checking dynamic linker characteristics
configure:15551: result: darwin18.0.0 dyld
configure:15616: checking how to hardcode library paths into programs
configure:15641: result: immediate
configure:15711: checking for python
configure:15729: found /usr/bin/python
configure:15742: result: /usr/bin/python
configure:15760: /usr/bin/python -c import sys # split strings by '.' and convert to numeric. Append some zeros # because we need at least 4 digits for the hex conversion. # map returns an iterator in Python 3.0 and a list in 2.x minver = list(map(int, '2.3'.split('.'))) + [0, 0, 0] minverhex = 0 # xrange is not present in Python 3.0 and range returns an iterator for i in list(range(0, 4)): minverhex = (minverhex << 8) + minver[i] sys.exit(sys.hexversion < minverhex)
configure:15763: $? = 0
configure:15956: checking for the pthreads library -lpthreads
configure:15989: gcc -o conftest     conftest.c -lpthreads  >&5
conftest.c:28:41: warning: null passed to a callee that requires a non-null argument [-Wnonnull]
                     pthread_attr_init(0); pthread_cleanup_push(0, 0);
                                       ~^
conftest.c:29:44: warning: null passed to a callee that requires a non-null argument [-Wnonnull]
                     pthread_create(0,0,0,0); pthread_cleanup_pop(0);
                                    ~      ^
conftest.c:29:44: warning: null passed to a callee that requires a non-null argument [-Wnonnull]
                     pthread_create(0,0,0,0); pthread_cleanup_pop(0);
                                        ~  ^
3 warnings generated.
ld: library not found for -lpthreads
clang: error: linker command failed with exit code 1 (use -v to see invocation)
configure:15989: $? = 1
configure: failed program was:
| /* confdefs.h */
| #define PACKAGE_NAME "Google C++ Testing Framework"
| #define PACKAGE_TARNAME "gtest"
| #define PACKAGE_VERSION "1.5.0"
| #define PACKAGE_STRING "Google C++ Testing Framework 1.5.0"
| #define PACKAGE_BUGREPORT "googletestframework@googlegroups.com"
| #define PACKAGE_URL ""
| #define PACKAGE "gtest"
| #define VERSION "1.5.0"
| #define STDC_HEADERS 1
| #define HAVE_SYS_TYPES_H 1
| #define HAVE_SYS_STAT_H 1
| #define HAVE_STDLIB_H 1
| #define HAVE_STRING_H 1
| #define HAVE_MEMORY_H 1
| #define HAVE_STRINGS_H 1
| #define HAVE_INTTYPES_H 1
| #define HAVE_STDINT_H 1
| #define HAVE_UNISTD_H 1
| #define HAVE_DLFCN_H 1
| #define LT_OBJDIR ".libs/"
| /* end confdefs.h.  */
| #include <pthread.h>
| int
| main ()
| {
| pthread_t th; pthread_join(th, 0);
|                      pthread_attr_init(0); pthread_cleanup_push(0, 0);
|                      pthread_create(0,0,0,0); pthread_cleanup_pop(0);
|   ;
|   return 0;
| }
configure:15998: result: no
configure:15901: checking whether pthreads work without any flags
configure:15989: gcc -o conftest     conftest.c   >&5
conftest.c:28:41: warning: null passed to a callee that requires a non-null argument [-Wnonnull]
                     pthread_attr_init(0); pthread_cleanup_push(0, 0);
                                       ~^
conftest.c:29:44: warning: null passed to a callee that requires a non-null argument [-Wnonnull]
                     pthread_create(0,0,0,0); pthread_cleanup_pop(0);
                                    ~      ^
conftest.c:29:44: warning: null passed to a callee that requires a non-null argument [-Wnonnull]
                     pthread_create(0,0,0,0); pthread_cleanup_pop(0);
                                        ~  ^
3 warnings generated.
configure:15989: $? = 0
configure:15998: result: yes
configure:16017: checking for joinable pthread attribute
configure:16032: gcc -o conftest     conftest.c   >&5
configure:16032: $? = 0
configure:16038: result: PTHREAD_CREATE_JOINABLE
configure:16048: checking if more special flags are required for pthreads
configure:16055: result: -D_THREAD_SAFE
configure:16144: checking whether to check for GCC pthread/shared inconsistencies
configure:16157: gcc -o conftest -shared -fPIC -Wl,-z,defs  -D_THREAD_SAFE    conftest.c   >&5
ld: unknown option: -z
clang: error: linker command failed with exit code 1 (use -v to see invocation)
configure:16157: $? = 1
configure: failed program was:
| /* confdefs.h */
| #define PACKAGE_NAME "Google C++ Testing Framework"
| #define PACKAGE_TARNAME "gtest"
| #define PACKAGE_VERSION "1.5.0"
| #define PACKAGE_STRING "Google C++ Testing Framework 1.5.0"
| #define PACKAGE_BUGREPORT "googletestframework@googlegroups.com"
| #define PACKAGE_URL ""
| #define PACKAGE "gtest"
| #define VERSION "1.5.0"
| #define STDC_HEADERS 1
| #define HAVE_SYS_TYPES_H 1
| #define HAVE_SYS_STAT_H 1
| #define HAVE_STDLIB_H 1
| #define HAVE_STRING_H 1
| #define HAVE_MEMORY_H 1
| #define HAVE_STRINGS_H 1
| #define HAVE_INTTYPES_H 1
| #define HAVE_STDINT_H 1
| #define HAVE_UNISTD_H 1
| #define HAVE_DLFCN_H 1
| #define LT_OBJDIR ".libs/"
| /* end confdefs.h.  */
| 
| int
| main ()
| {
| 
|   ;
|   return 0;
| }
configure:16166: result: no
configure:16446: checking that generated files are newer than configure
configure:16452: result: done
configure:16487: creating ./config.status

## ---------------------- ##
## Running config.status. ##
## ---------------------- ##

This file was extended by Google C++ Testing Framework config.status 1.5.0, which was
generated by GNU Autoconf 2.69.  Invocation command line was

  CONFIG_FILES    = 
  CONFIG_HEADERS  = 
  CONFIG_LINKS    = 
  CONFIG_COMMANDS = 
  $ ./config.status 

on Shens-MacBook-Pro.local

config.status:1154: creating Makefile
config.status:1154: creating scripts/gtest-config
config.status:1154: creating build-aux/config.h
config.status:1383: executing depfiles commands
config.status:1461: cd .       && sed -e '/# am--include-marker/d' Makefile         | make -f - am--depfiles
config.status:1466: $? = 0
config.status:1383: executing libtool commands

## ---------------- ##
## Cache variables. ##
## ---------------- ##

ac_cv_build=x86_64-apple-darwin18.0.0
ac_cv_c_compiler_gnu=yes
ac_cv_cxx_compiler_gnu=yes
ac_cv_env_CCC_set=
ac_cv_env_CCC_value=
ac_cv_env_CC_set=
ac_cv_env_CC_value=
ac_cv_env_CFLAGS_set=set
ac_cv_env_CFLAGS_value=
ac_cv_env_CPPFLAGS_set=
ac_cv_env_CPPFLAGS_value=
ac_cv_env_CPP_set=
ac_cv_env_CPP_value=
ac_cv_env_CXXCPP_set=
ac_cv_env_CXXCPP_value=
ac_cv_env_CXXFLAGS_set=set
ac_cv_env_CXXFLAGS_value=' -g -DNDEBUG'
ac_cv_env_CXX_set=
ac_cv_env_CXX_value=
ac_cv_env_LDFLAGS_set=
ac_cv_env_LDFLAGS_value=
ac_cv_env_LIBS_set=
ac_cv_env_LIBS_value=
ac_cv_env_LT_SYS_LIBRARY_PATH_set=
ac_cv_env_LT_SYS_LIBRARY_PATH_value=
ac_cv_env_build_alias_set=
ac_cv_env_build_alias_value=
ac_cv_env_host_alias_set=
ac_cv_env_host_alias_value=
ac_cv_env_target_alias_set=
ac_cv_env_target_alias_value=
ac_cv_header_dlfcn_h=yes
ac_cv_header_inttypes_h=yes
ac_cv_header_memory_h=yes
ac_cv_header_stdc=yes
ac_cv_header_stdint_h=yes
ac_cv_header_stdlib_h=yes
ac_cv_header_string_h=yes
ac_cv_header_strings_h=yes
ac_cv_header_sys_stat_h=yes
ac_cv_header_sys_types_h=yes
ac_cv_header_unistd_h=yes
ac_cv_host=x86_64-apple-darwin18.0.0
ac_cv_objext=o
ac_cv_path_EGREP='/usr/bin/grep -E'
ac_cv_path_FGREP='/usr/bin/grep -F'
ac_cv_path_GREP=/usr/bin/grep
ac_cv_path_PYTHON=/usr/bin/python
ac_cv_path_SED=/usr/bin/sed
ac_cv_path_install='/usr/bin/install -c'
ac_cv_path_lt_DD=/bin/dd
ac_cv_prog_AWK=awk
ac_cv_prog_CPP='gcc -E'
ac_cv_prog_CXXCPP='g++ -E'
ac_cv_prog_ac_ct_AR=ar
ac_cv_prog_ac_ct_CC=gcc
ac_cv_prog_ac_ct_CXX=g++
ac_cv_prog_ac_ct_DSYMUTIL=dsymutil
ac_cv_prog_ac_ct_LIPO=lipo
ac_cv_prog_ac_ct_NMEDIT=nmedit
ac_cv_prog_ac_ct_OBJDUMP=objdump
ac_cv_prog_ac_ct_OTOOL=otool
ac_cv_prog_ac_ct_RANLIB=ranlib
ac_cv_prog_ac_ct_STRIP=strip
ac_cv_prog_cc_c89=
ac_cv_prog_cc_g=yes
ac_cv_prog_cxx_g=yes
ac_cv_prog_make_make_set=yes
am_cv_CC_dependencies_compiler_type=gcc3
am_cv_CXX_dependencies_compiler_type=gcc3
am_cv_make_support_nested_variables=yes
am_cv_prog_cc_c_o=yes
lt_cv_apple_cc_single_mod=yes
lt_cv_ar_at_file=no
lt_cv_deplibs_check_method=pass_all
lt_cv_file_magic_cmd='$MAGIC_CMD'
lt_cv_file_magic_test_file=
lt_cv_ld_exported_symbols_list=yes
lt_cv_ld_force_load=yes
lt_cv_ld_reload_flag=-r
lt_cv_nm_interface='BSD nm'
lt_cv_objdir=.libs
lt_cv_path_LD=/Applications/Xcode.app/Contents/Developer/Toolchains/XcodeDefault.xctoolchain/usr/bin/ld
lt_cv_path_LDCXX=/Applications/Xcode.app/Contents/Developer/Toolchains/XcodeDefault.xctoolchain/usr/bin/ld
lt_cv_path_NM='/usr/bin/nm -B'
lt_cv_path_mainfest_tool=no
lt_cv_prog_compiler_c_o=yes
lt_cv_prog_compiler_c_o_CXX=yes
lt_cv_prog_compiler_pic='-fno-common -DPIC'
lt_cv_prog_compiler_pic_CXX='-fno-common -DPIC'
lt_cv_prog_compiler_pic_works=yes
lt_cv_prog_compiler_pic_works_CXX=yes
lt_cv_prog_compiler_rtti_exceptions=yes
lt_cv_prog_compiler_static_works=no
lt_cv_prog_compiler_static_works_CXX=no
lt_cv_prog_gnu_ld=no
lt_cv_prog_gnu_ldcxx=no
lt_cv_sharedlib_from_linklib_cmd='printf %s\n'
lt_cv_sys_global_symbol_pipe='sed -n -e '\''s/^.*[	 ]\([BCDEGRST][BCDEGRST]*\)[	 ][	 ]*_\([_A-Za-z][_A-Za-z0-9]*\)$/\1 _\2 \2/p'\'' | sed '\''/ __gnu_lto/d'\'''
lt_cv_sys_global_symbol_to_c_name_address='sed -n -e '\''s/^: \(.*\) .*$/  {"\1", (void *) 0},/p'\'' -e '\''s/^[BCDEGRST][BCDEGRST]* .* \(.*\)$/  {"\1", (void *) \&\1},/p'\'''
lt_cv_sys_global_symbol_to_c_name_address_lib_prefix='sed -n -e '\''s/^: \(.*\) .*$/  {"\1", (void *) 0},/p'\'' -e '\''s/^[BCDEGRST][BCDEGRST]* .* \(lib.*\)$/  {"\1", (void *) \&\1},/p'\'' -e '\''s/^[BCDEGRST][BCDEGRST]* .* \(.*\)$/  {"lib\1", (void *) \&\1},/p'\'''
lt_cv_sys_global_symbol_to_cdecl='sed -n -e '\''s/^T .* \(.*\)$/extern int \1();/p'\'' -e '\''s/^[BCDEGRST][BCDEGRST]* .* \(.*\)$/extern char \1;/p'\'''
lt_cv_sys_global_symbol_to_import=
lt_cv_sys_max_cmd_len=196608
lt_cv_to_host_file_cmd=func_convert_file_noop
lt_cv_to_tool_file_cmd=func_convert_file_noop
lt_cv_truncate_bin='/bin/dd bs=4096 count=1'

## ----------------- ##
## Output variables. ##
## ----------------- ##

ACLOCAL='${SHELL} /Users/xmandy/Documents/protobuf-2.6.1/gtest/build-aux/missing aclocal-1.16'
AMDEPBACKSLASH='\'
AMDEP_FALSE='#'
AMDEP_TRUE=''
AMTAR='$${TAR-tar}'
AM_BACKSLASH='\'
AM_DEFAULT_V='$(AM_DEFAULT_VERBOSITY)'
AM_DEFAULT_VERBOSITY='1'
AM_V='$(V)'
AR='ar'
AUTOCONF='${SHELL} /Users/xmandy/Documents/protobuf-2.6.1/gtest/build-aux/missing autoconf'
AUTOHEADER='${SHELL} /Users/xmandy/Documents/protobuf-2.6.1/gtest/build-aux/missing autoheader'
AUTOMAKE='${SHELL} /Users/xmandy/Documents/protobuf-2.6.1/gtest/build-aux/missing automake-1.16'
AWK='awk'
CC='gcc'
CCDEPMODE='depmode=gcc3'
CFLAGS=''
CPP='gcc -E'
CPPFLAGS=''
CXX='g++'
CXXCPP='g++ -E'
CXXDEPMODE='depmode=gcc3'
CXXFLAGS=' -g -DNDEBUG'
CYGPATH_W='echo'
DEFS='-DHAVE_CONFIG_H'
DEPDIR='.deps'
DLLTOOL='false'
DSYMUTIL='dsymutil'
DUMPBIN=''
ECHO_C='\c'
ECHO_N=''
ECHO_T=''
EGREP='/usr/bin/grep -E'
EXEEXT=''
FGREP='/usr/bin/grep -F'
GREP='/usr/bin/grep'
HAVE_PTHREADS_FALSE='#'
HAVE_PTHREADS_TRUE=''
HAVE_PYTHON_FALSE='#'
HAVE_PYTHON_TRUE=''
INSTALL_DATA='${INSTALL} -m 644'
INSTALL_PROGRAM='${INSTALL}'
INSTALL_SCRIPT='${INSTALL}'
INSTALL_STRIP_PROGRAM='$(install_sh) -c -s'
LD='/Applications/Xcode.app/Contents/Developer/Toolchains/XcodeDefault.xctoolchain/usr/bin/ld'
LDFLAGS=''
LIBOBJS=''
LIBS=''
LIBTOOL='$(SHELL) $(top_builddir)/libtool'
LIPO='lipo'
LN_S='ln -s'
LTLIBOBJS=''
LT_SYS_LIBRARY_PATH=''
MAKEINFO='${SHELL} /Users/xmandy/Documents/protobuf-2.6.1/gtest/build-aux/missing makeinfo'
MANIFEST_TOOL=':'
MKDIR_P='build-aux/install-sh -c -d'
NM='/usr/bin/nm -B'
NMEDIT='nmedit'
OBJDUMP='objdump'
OBJEXT='o'
OTOOL64=':'
OTOOL='otool'
PACKAGE='gtest'
PACKAGE_BUGREPORT='googletestframework@googlegroups.com'
PACKAGE_NAME='Google C++ Testing Framework'
PACKAGE_STRING='Google C++ Testing Framework 1.5.0'
PACKAGE_TARNAME='gtest'
PACKAGE_URL=''
PACKAGE_VERSION='1.5.0'
PATH_SEPARATOR=':'
PTHREAD_CC='gcc'
PTHREAD_CFLAGS='-D_THREAD_SAFE '
PTHREAD_LIBS=''
PYTHON='/usr/bin/python'
RANLIB='ranlib'
SED='/usr/bin/sed'
SET_MAKE=''
SHELL='/bin/sh'
STRIP='strip'
VERSION='1.5.0'
ac_ct_AR='ar'
ac_ct_CC='gcc'
ac_ct_CXX='g++'
ac_ct_DUMPBIN=''
acx_pthread_config=''
am__EXEEXT_FALSE=''
am__EXEEXT_TRUE='#'
am__fastdepCC_FALSE='#'
am__fastdepCC_TRUE=''
am__fastdepCXX_FALSE='#'
am__fastdepCXX_TRUE=''
am__include='include'
am__isrc=''
am__leading_dot='.'
am__nodep='_no'
am__quote=''
am__tar='$${TAR-tar} chof - "$$tardir"'
am__untar='$${TAR-tar} xf -'
bindir='${exec_prefix}/bin'
build='x86_64-apple-darwin18.0.0'
build_alias=''
build_cpu='x86_64'
build_os='darwin18.0.0'
build_vendor='apple'
datadir='${datarootdir}'
datarootdir='${prefix}/share'
docdir='${datarootdir}/doc/${PACKAGE_TARNAME}'
dvidir='${docdir}'
exec_prefix='${prefix}'
host='x86_64-apple-darwin18.0.0'
host_alias=''
host_cpu='x86_64'
host_os='darwin18.0.0'
host_vendor='apple'
htmldir='${docdir}'
includedir='${prefix}/include'
infodir='${datarootdir}/info'
install_sh='${SHELL} /Users/xmandy/Documents/protobuf-2.6.1/gtest/build-aux/install-sh'
libdir='${exec_prefix}/lib'
libexecdir='${exec_prefix}/libexec'
localedir='${datarootdir}/locale'
localstatedir='${prefix}/var'
mandir='${datarootdir}/man'
mkdir_p='$(MKDIR_P)'
oldincludedir='/usr/include'
pdfdir='${docdir}'
prefix='/usr/local'
program_transform_name='s,x,x,'
psdir='${docdir}'
sbindir='${exec_prefix}/sbin'
sharedstatedir='${prefix}/com'
sysconfdir='${prefix}/etc'
target_alias=''

## ----------- ##
## confdefs.h. ##
## ----------- ##

/* confdefs.h */
#define PACKAGE_NAME "Google C++ Testing Framework"
#define PACKAGE_TARNAME "gtest"
#define PACKAGE_VERSION "1.5.0"
#define PACKAGE_STRING "Google C++ Testing Framework 1.5.0"
#define PACKAGE_BUGREPORT "googletestframework@googlegroups.com"
#define PACKAGE_URL ""
#define PACKAGE "gtest"
#define VERSION "1.5.0"
#define STDC_HEADERS 1
#define HAVE_SYS_TYPES_H 1
#define HAVE_SYS_STAT_H 1
#define HAVE_STDLIB_H 1
#define HAVE_STRING_H 1
#define HAVE_MEMORY_H 1
#define HAVE_STRINGS_H 1
#define HAVE_INTTYPES_H 1
#define HAVE_STDINT_H 1
#define HAVE_UNISTD_H 1
#define HAVE_DLFCN_H 1
#define LT_OBJDIR ".libs/"
#define HAVE_PTHREAD 1

configure: exit 0
